<?xml version="1.0" encoding="UTF-8"?>
<!-- Generated by org.testng.reporters.JUnitReportReporter -->
<testsuite skipped="0" hostname="pan-konan" name="test.kononov.parsing.factory.BuilderFactoryTest" tests="3" failures="0" timestamp="2019-12-27T16:39:58 MSK" time="0.071" errors="0">
  <testcase name="buildGemsDOMBuilderTest" time="0.019" classname="test.kononov.parsing.factory.BuilderFactoryTest"/>
  <testcase name="buildGemsSAXBuilderTest" time="0.008" classname="test.kononov.parsing.factory.BuilderFactoryTest"/>
  <testcase name="buildGemsStAXBuilderTest" time="0.044" classname="test.kononov.parsing.factory.BuilderFactoryTest"/>
</testsuite> <!-- test.kononov.parsing.factory.BuilderFactoryTest -->
