<?xml version="1.0" encoding="UTF-8"?>
<!-- Generated by org.testng.reporters.JUnitReportReporter -->
<testsuite skipped="0" hostname="pan-konan" name="test.kononov.parsing.command.HomeCommandTest" tests="1" failures="0" timestamp="2019-12-27T16:39:58 MSK" time="0.004" errors="0">
  <testcase name="executeTest" time="0.004" classname="test.kononov.parsing.command.HomeCommandTest"/>
</testsuite> <!-- test.kononov.parsing.command.HomeCommandTest -->
