<?xml version="1.0" encoding="UTF-8"?>
<!-- Generated by org.testng.reporters.JUnitReportReporter -->
<testsuite skipped="0" hostname="pan-konan" name="test.kononov.parsing.factory.FactoryTest" tests="3" failures="0" timestamp="2019-12-24T19:37:08 MSK" time="1.272" errors="0">
  <testcase name="buildGemsSAXBuilderTest" time="0.030" classname="test.kononov.parsing.factory.FactoryTest"/>
  <testcase name="buildGemsStAXBuilderTest" time="0.051" classname="test.kononov.parsing.factory.FactoryTest"/>
  <testcase name="buildGemsDOMBuilderTest" time="1.191" classname="test.kononov.parsing.factory.FactoryTest"/>
</testsuite> <!-- test.kononov.parsing.factory.FactoryTest -->
