<?xml version="1.0" encoding="UTF-8"?>
<!-- Generated by org.testng.reporters.JUnitReportReporter -->
<testsuite skipped="0" hostname="pan-konan" name="test.kononov.parsing.factory.CommandFactoryTest" tests="1" failures="0" timestamp="2019-12-25T13:42:07 MSK" time="0.003" errors="0">
  <testcase name="defineCommandTest" time="0.003" classname="test.kononov.parsing.factory.CommandFactoryTest"/>
</testsuite> <!-- test.kononov.parsing.factory.CommandFactoryTest -->
