<?xml version="1.0" encoding="UTF-8"?>
<!-- Generated by org.testng.reporters.JUnitReportReporter -->
<testsuite skipped="0" hostname="pan-konan" name="test.kononov.parsing.command.CommandProviderTest" tests="1" failures="0" timestamp="2019-12-27T13:57:43 MSK" time="0.012" errors="0">
  <testcase name="defineCommandTest" time="0.012" classname="test.kononov.parsing.command.CommandProviderTest"/>
</testsuite> <!-- test.kononov.parsing.command.CommandProviderTest -->
