<?xml version="1.0" encoding="UTF-8"?>
<!-- Generated by org.testng.reporters.JUnitReportReporter -->
<testsuite skipped="0" hostname="pan-konan" name="test.kononov.parsing.servlet.S" tests="1" failures="0" timestamp="2019-12-25T12:58:33 MSK" time="0.938" errors="0">
  <testcase name="createExpectedEntity" time="0.938" classname="test.kononov.parsing.servlet.S"/>
</testsuite> <!-- test.kononov.parsing.servlet.S -->
