<?xml version="1.0" encoding="UTF-8"?>
<!-- Generated by org.testng.reporters.JUnitReportReporter -->
<testsuite skipped="0" hostname="pan-konan" name="test.kononov.parsing.command.BackCommandTest" tests="1" failures="0" timestamp="2019-12-25T14:17:53 MSK" time="0.006" errors="0">
  <testcase name="executeTest" time="0.006" classname="test.kononov.parsing.command.BackCommandTest"/>
</testsuite> <!-- test.kononov.parsing.command.BackCommandTest -->
