<?xml version="1.0" encoding="UTF-8"?>
<!-- Generated by org.testng.reporters.JUnitReportReporter -->
<testsuite skipped="0" hostname="pan-konan" name="test.kononov.parsing.validator.XsdValidatorTest" tests="2" failures="0" timestamp="2019-12-27T16:39:58 MSK" time="0.277" errors="0">
  <testcase name="validateNegativeXSD" time="0.254" classname="test.kononov.parsing.validator.XsdValidatorTest"/>
  <testcase name="validatePositiveXSD" time="0.023" classname="test.kononov.parsing.validator.XsdValidatorTest"/>
</testsuite> <!-- test.kononov.parsing.validator.XsdValidatorTest -->
